  file_operations.cpp
  feature_tests.c
  CMakeCCompilerId.c
  clew.c
  Создание кода...
CMakeCCompilerId.obj : error LNK2005: _main уже определен в CMakeCXXCompilerId.obj
feature_tests.obj : error LNK2005: _main уже определен в CMakeCXXCompilerId.obj
Debug\feature_tests.obj : warning LNK4042: объект указан более одного раза; лишние не учитываются
dummy.obj : error LNK2005: _main уже определен в CMakeCXXCompilerId.obj
main.obj : error LNK2005: _main уже определен в CMakeCXXCompilerId.obj
core.obj : error LNK2019: ссылка на неразрешенный внешний символ __imp__glewInit@0 в функции "private: __thiscall kr::Core::Core(void)" (??0Core@kr@@AAE@XZ)
core.obj : error LNK2019: ссылка на неразрешенный внешний символ _glfwInit в функции "private: __thiscall kr::Core::Core(void)" (??0Core@kr@@AAE@XZ)
core.obj : error LNK2019: ссылка на неразрешенный внешний символ _glfwTerminate в функции "public: virtual __thiscall kr::Core::~Core(void)" (??1Core@kr@@UAE@XZ)
core.obj : error LNK2019: ссылка на неразрешенный внешний символ _glfwGetPrimaryMonitor в функции "private: __thiscall kr::Core::Core(void)" (??0Core@kr@@AAE@XZ)
core.obj : error LNK2019: ссылка на неразрешенный внешний символ _glfwGetVideoMode в функции "private: __thiscall kr::Core::Core(void)" (??0Core@kr@@AAE@XZ)
core.obj : error LNK2019: ссылка на неразрешенный внешний символ _glfwWindowHint в функции "private: __thiscall kr::Core::Core(void)" (??0Core@kr@@AAE@XZ)
core.obj : error LNK2019: ссылка на неразрешенный внешний символ _glfwCreateWindow в функции "private: __thiscall kr::Core::Core(void)" (??0Core@kr@@AAE@XZ)
core.obj : error LNK2019: ссылка на неразрешенный внешний символ _glfwDestroyWindow в функции "public: virtual __thiscall kr::Core::~Core(void)" (??1Core@kr@@UAE@XZ)
core.obj : error LNK2019: ссылка на неразрешенный внешний символ _glfwWindowShouldClose в функции "public: virtual void __thiscall kr::Core::launch(void)" (?launch@Core@kr@@UAEXXZ)
core.obj : error LNK2019: ссылка на неразрешенный внешний символ _glfwSetWindowTitle в функции "private: void __thiscall kr::Core::show_fps(void)" (?show_fps@Core@kr@@AAEXXZ)
core.obj : error LNK2019: ссылка на неразрешенный внешний символ _glfwGetFramebufferSize в функции "public: virtual void __thiscall kr::Core::launch(void)" (?launch@Core@kr@@UAEXXZ)
core.obj : error LNK2019: ссылка на неразрешенный внешний символ _glfwPollEvents в функции "public: virtual void __thiscall kr::Core::launch(void)" (?launch@Core@kr@@UAEXXZ)
core.obj : error LNK2019: ссылка на неразрешенный внешний символ _glfwSetInputMode в функции "private: __thiscall kr::Core::Core(void)" (??0Core@kr@@AAE@XZ)
core.obj : error LNK2019: ссылка на неразрешенный внешний символ _glfwSetCursorPos в функции "private: __thiscall kr::Core::Core(void)" (??0Core@kr@@AAE@XZ)
core.obj : error LNK2019: ссылка на неразрешенный внешний символ _glfwSetKeyCallback в функции "private: __thiscall kr::Core::Core(void)" (??0Core@kr@@AAE@XZ)
core.obj : error LNK2019: ссылка на неразрешенный внешний символ _glfwSetCursorPosCallback в функции "private: __thiscall kr::Core::Core(void)" (??0Core@kr@@AAE@XZ)
core.obj : error LNK2019: ссылка на неразрешенный внешний символ _glfwSetScrollCallback в функции "private: __thiscall kr::Core::Core(void)" (??0Core@kr@@AAE@XZ)
core.obj : error LNK2019: ссылка на неразрешенный внешний символ _glfwGetTime в функции "public: virtual void __thiscall kr::Core::launch(void)" (?launch@Core@kr@@UAEXXZ)
core.obj : error LNK2019: ссылка на неразрешенный внешний символ _glfwMakeContextCurrent в функции "private: __thiscall kr::Core::Core(void)" (??0Core@kr@@AAE@XZ)
core.obj : error LNK2019: ссылка на неразрешенный внешний символ _glfwSwapBuffers в функции "public: virtual void __thiscall kr::Core::launch(void)" (?launch@Core@kr@@UAEXXZ)
core.obj : error LNK2001: неразрешенный внешний символ "__imp__glewExperimental"
depth_buffer.obj : error LNK2001: неразрешенный внешний символ "__imp____glewActiveTexture"
cube.obj : error LNK2001: неразрешенный внешний символ "__imp____glewActiveTexture"
textured_rectangle.obj : error LNK2001: неразрешенный внешний символ "__imp____glewActiveTexture"
textured_rectangle.obj : error LNK2001: неразрешенный внешний символ "__imp____glewBindBuffer"
lamp_cube.obj : error LNK2001: неразрешенный внешний символ "__imp____glewBindBuffer"
triangle.obj : error LNK2001: неразрешенный внешний символ "__imp____glewBindBuffer"
depth_buffer.obj : error LNK2001: неразрешенный внешний символ "__imp____glewBindBuffer"
screen_buffer_object.obj : error LNK2001: неразрешенный внешний символ "__imp____glewBindBuffer"
cube.obj : error LNK2001: неразрешенный внешний символ "__imp____glewBindBuffer"
rectangle.obj : error LNK2001: неразрешенный внешний символ "__imp____glewBindBuffer"
textured_rectangle.obj : error LNK2019: ссылка на неразрешенный внешний символ __imp____glewBufferData в функции "public: virtual void * __thiscall kr::Object::`scalar deleting destructor'(unsigned int)" (??_GObject@kr@@UAEPAXI@Z)
lamp_cube.obj : error LNK2001: неразрешенный внешний символ "__imp____glewBufferData"
triangle.obj : error LNK2001: неразрешенный внешний символ "__imp____glewBufferData"
depth_buffer.obj : error LNK2001: неразрешенный внешний символ "__imp____glewBufferData"
screen_buffer_object.obj : error LNK2001: неразрешенный внешний символ "__imp____glewBufferData"
cube.obj : error LNK2001: неразрешенный внешний символ "__imp____glewBufferData"
rectangle.obj : error LNK2001: неразрешенный внешний символ "__imp____glewBufferData"
textured_rectangle.obj : error LNK2001: неразрешенный внешний символ "__imp____glewDeleteBuffers"
lamp_cube.obj : error LNK2001: неразрешенный внешний символ "__imp____glewDeleteBuffers"
triangle.obj : error LNK2001: неразрешенный внешний символ "__imp____glewDeleteBuffers"
depth_buffer.obj : error LNK2001: неразрешенный внешний символ "__imp____glewDeleteBuffers"
screen_buffer_object.obj : error LNK2001: неразрешенный внешний символ "__imp____glewDeleteBuffers"
cube.obj : error LNK2001: неразрешенный внешний символ "__imp____glewDeleteBuffers"
rectangle.obj : error LNK2001: неразрешенный внешний символ "__imp____glewDeleteBuffers"
textured_rectangle.obj : error LNK2019: ссылка на неразрешенный внешний символ __imp____glewGenBuffers в функции "public: virtual void __thiscall kr::TexturedRectangle::draw(class kr::ShaderProgram *)" (?draw@TexturedRectangle@kr@@UAEXPAVShaderProgram@2@@Z)
lamp_cube.obj : error LNK2001: неразрешенный внешний символ "__imp____glewGenBuffers"
triangle.obj : error LNK2001: неразрешенный внешний символ "__imp____glewGenBuffers"
depth_buffer.obj : error LNK2001: неразрешенный внешний символ "__imp____glewGenBuffers"
screen_buffer_object.obj : error LNK2001: неразрешенный внешний символ "__imp____glewGenBuffers"
cube.obj : error LNK2001: неразрешенный внешний символ "__imp____glewGenBuffers"
rectangle.obj : error LNK2001: неразрешенный внешний символ "__imp____glewGenBuffers"
textured_rectangle.obj : error LNK2019: ссылка на неразрешенный внешний символ __imp____glewEnableVertexAttribArray в функции "public: virtual void __thiscall kr::TexturedRectangle::draw(class kr::ShaderProgram *)" (?draw@TexturedRectangle@kr@@UAEXPAVShaderProgram@2@@Z)
lamp_cube.obj : error LNK2001: неразрешенный внешний символ "__imp____glewEnableVertexAttribArray"
triangle.obj : error LNK2001: неразрешенный внешний символ "__imp____glewEnableVertexAttribArray"
depth_buffer.obj : error LNK2001: неразрешенный внешний символ "__imp____glewEnableVertexAttribArray"
screen_buffer_object.obj : error LNK2001: неразрешенный внешний символ "__imp____glewEnableVertexAttribArray"
cube.obj : error LNK2001: неразрешенный внешний символ "__imp____glewEnableVertexAttribArray"
rectangle.obj : error LNK2001: неразрешенный внешний символ "__imp____glewEnableVertexAttribArray"
textured_rectangle.obj : error LNK2019: ссылка на неразрешенный внешний символ __imp____glewVertexAttribPointer в функции "public: struct glm::tvec4<float,0> & __thiscall glm::tmat4x4<float,0>::operator[](int)" (??A?$tmat4x4@M$0A@@glm@@QAEAAU?$tvec4@M$0A@@1@H@Z)
lamp_cube.obj : error LNK2001: неразрешенный внешний символ "__imp____glewVertexAttribPointer"
triangle.obj : error LNK2001: неразрешенный внешний символ "__imp____glewVertexAttribPointer"
depth_buffer.obj : error LNK2001: неразрешенный внешний символ "__imp____glewVertexAttribPointer"
screen_buffer_object.obj : error LNK2001: неразрешенный внешний символ "__imp____glewVertexAttribPointer"
cube.obj : error LNK2001: неразрешенный внешний символ "__imp____glewVertexAttribPointer"
rectangle.obj : error LNK2001: неразрешенный внешний символ "__imp____glewVertexAttribPointer"
depth_buffer.obj : error LNK2001: неразрешенный внешний символ "__imp____glewBindFramebuffer"
screen_buffer_object.obj : error LNK2001: неразрешенный внешний символ "__imp____glewBindFramebuffer"
depth_buffer.obj : error LNK2001: неразрешенный внешний символ "__imp____glewFramebufferTexture2D"
screen_buffer_object.obj : error LNK2001: неразрешенный внешний символ "__imp____glewFramebufferTexture2D"
depth_buffer.obj : error LNK2001: неразрешенный внешний символ "__imp____glewGenFramebuffers"
screen_buffer_object.obj : error LNK2001: неразрешенный внешний символ "__imp____glewGenFramebuffers"
textured_rectangle.obj : error LNK2019: ссылка на неразрешенный внешний символ __imp____glewBindVertexArray в функции "struct glm::tvec4<float,0> __cdecl glm::operator*<float,0>(struct glm::tvec4<float,0> const &,float)" (??$?DM$0A@@glm@@YA?AU?$tvec4@M$0A@@0@ABU10@M@Z)
lamp_cube.obj : error LNK2001: неразрешенный внешний символ "__imp____glewBindVertexArray"
triangle.obj : error LNK2001: неразрешенный внешний символ "__imp____glewBindVertexArray"
depth_buffer.obj : error LNK2001: неразрешенный внешний символ "__imp____glewBindVertexArray"
screen_buffer_object.obj : error LNK2001: неразрешенный внешний символ "__imp____glewBindVertexArray"
cube.obj : error LNK2001: неразрешенный внешний символ "__imp____glewBindVertexArray"
rectangle.obj : error LNK2001: неразрешенный внешний символ "__imp____glewBindVertexArray"
textured_rectangle.obj : error LNK2019: ссылка на неразрешенный внешний символ __imp____glewDeleteVertexArrays в функции "struct glm::tmat4x4<float,0> __cdecl glm::operator*<float,0>(struct glm::tmat4x4<float,0> const &,struct glm::tmat4x4<float,0> const &)" (??$?DM$0A@@glm@@YA?AU?$tmat4x4@M$0A@@0@ABU10@0@Z)
lamp_cube.obj : error LNK2001: неразрешенный внешний символ "__imp____glewDeleteVertexArrays"
triangle.obj : error LNK2001: неразрешенный внешний символ "__imp____glewDeleteVertexArrays"
depth_buffer.obj : error LNK2001: неразрешенный внешний символ "__imp____glewDeleteVertexArrays"
screen_buffer_object.obj : error LNK2001: неразрешенный внешний символ "__imp____glewDeleteVertexArrays"
cube.obj : error LNK2001: неразрешенный внешний символ "__imp____glewDeleteVertexArrays"
rectangle.obj : error LNK2001: неразрешенный внешний символ "__imp____glewDeleteVertexArrays"
textured_rectangle.obj : error LNK2019: ссылка на неразрешенный внешний символ __imp____glewGenVertexArrays в функции "public: virtual void __thiscall kr::TexturedRectangle::draw(class kr::ShaderProgram *)" (?draw@TexturedRectangle@kr@@UAEXPAVShaderProgram@2@@Z)
lamp_cube.obj : error LNK2001: неразрешенный внешний символ "__imp____glewGenVertexArrays"
triangle.obj : error LNK2001: неразрешенный внешний символ "__imp____glewGenVertexArrays"
depth_buffer.obj : error LNK2001: неразрешенный внешний символ "__imp____glewGenVertexArrays"
screen_buffer_object.obj : error LNK2001: неразрешенный внешний символ "__imp____glewGenVertexArrays"
cube.obj : error LNK2001: неразрешенный внешний символ "__imp____glewGenVertexArrays"
rectangle.obj : error LNK2001: неразрешенный внешний символ "__imp____glewGenVertexArrays"
keyboard_manager.obj : error LNK2019: ссылка на неразрешенный внешний символ _glfwSetWindowShouldClose в функции "protected: static void __cdecl kr::KeyboardManager::key_callback(struct GLFWwindow *,int,int,int,int)" (?key_callback@KeyboardManager@kr@@KAXPAUGLFWwindow@@HHHH@Z)
physics_manager.obj : error LNK2019: ссылка на неразрешенный внешний символ "void * __cdecl btAlignedAllocInternal(unsigned int,int)" (?btAlignedAllocInternal@@YAPAXIH@Z) в функции "public: static void * __cdecl btCollisionObject::operator new(unsigned int)" (??2btCollisionObject@@SAPAXI@Z)
resource_manager.obj : error LNK2001: неразрешенный внешний символ ""void * __cdecl btAlignedAllocInternal(unsigned int,int)" (?btAlignedAllocInternal@@YAPAXIH@Z)"
physics_manager.obj : error LNK2019: ссылка на неразрешенный внешний символ "void __cdecl btAlignedFreeInternal(void *)" (?btAlignedFreeInternal@@YAXPAX@Z) в функции "public: static void __cdecl btCollisionObject::operator delete(void *)" (??3btCollisionObject@@SAXPAX@Z)
resource_manager.obj : error LNK2001: неразрешенный внешний символ ""void __cdecl btAlignedFreeInternal(void *)" (?btAlignedFreeInternal@@YAXPAX@Z)"
physics_manager.obj : error LNK2019: ссылка на неразрешенный внешний символ "public: __thiscall btCollisionDispatcher::btCollisionDispatcher(class btCollisionConfiguration *)" (??0btCollisionDispatcher@@QAE@PAVbtCollisionConfiguration@@@Z) в функции "public: __thiscall kr::PhysicsManager::PhysicsManager(void)" (??0PhysicsManager@kr@@QAE@XZ)
physics_manager.obj : error LNK2019: ссылка на неразрешенный внешний символ "public: __thiscall btDefaultCollisionConfiguration::btDefaultCollisionConfiguration(struct btDefaultCollisionConstructionInfo const &)" (??0btDefaultCollisionConfiguration@@QAE@ABUbtDefaultCollisionConstructionInfo@@@Z) в функции "public: __thiscall kr::PhysicsManager::PhysicsManager(void)" (??0PhysicsManager@kr@@QAE@XZ)
physics_manager.obj : error LNK2019: ссылка на неразрешенный внешний символ "public: __thiscall btDbvtBroadphase::btDbvtBroadphase(class btOverlappingPairCache *)" (??0btDbvtBroadphase@@QAE@PAVbtOverlappingPairCache@@@Z) в функции "public: __thiscall kr::PhysicsManager::PhysicsManager(void)" (??0PhysicsManager@kr@@QAE@XZ)
physics_manager.obj : error LNK2019: ссылка на неразрешенный внешний символ "public: __thiscall btDiscreteDynamicsWorld::btDiscreteDynamicsWorld(class btDispatcher *,class btBroadphaseInterface *,class btConstraintSolver *,class btCollisionConfiguration *)" (??0btDiscreteDynamicsWorld@@QAE@PAVbtDispatcher@@PAVbtBroadphaseInterface@@PAVbtConstraintSolver@@PAVbtCollisionConfiguration@@@Z) в функции "public: __thiscall kr::PhysicsManager::PhysicsManager(void)" (??0PhysicsManager@kr@@QAE@XZ)
physics_manager.obj : error LNK2019: ссылка на неразрешенный внешний символ "public: __thiscall btRigidBody::btRigidBody(struct btRigidBody::btRigidBodyConstructionInfo const &)" (??0btRigidBody@@QAE@ABUbtRigidBodyConstructionInfo@0@@Z) в функции "public: void __thiscall kr::PhysicsManager::add_rigid_body(class kr::PhysicsObject *)" (?add_rigid_body@PhysicsManager@kr@@QAEXPAVPhysicsObject@2@@Z)
physics_manager.obj : error LNK2019: ссылка на неразрешенный внешний символ "public: __thiscall btSequentialImpulseConstraintSolver::btSequentialImpulseConstraintSolver(void)" (??0btSequentialImpulseConstraintSolver@@QAE@XZ) в функции "public: __thiscall kr::PhysicsManager::PhysicsManager(void)" (??0PhysicsManager@kr@@QAE@XZ)
shader_program.obj : error LNK2001: неразрешенный внешний символ "__imp____glewAttachShader"
shader_program.obj : error LNK2001: неразрешенный внешний символ "__imp____glewCompileShader"
shader_program.obj : error LNK2001: неразрешенный внешний символ "__imp____glewCreateProgram"
shader_program.obj : error LNK2001: неразрешенный внешний символ "__imp____glewCreateShader"
shader_program.obj : error LNK2001: неразрешенный внешний символ "__imp____glewDeleteProgram"
shader_program.obj : error LNK2001: неразрешенный внешний символ "__imp____glewDeleteShader"
shader_program.obj : error LNK2001: неразрешенный внешний символ "__imp____glewGetProgramInfoLog"
shader_program.obj : error LNK2001: неразрешенный внешний символ "__imp____glewGetProgramiv"
shader_program.obj : error LNK2001: неразрешенный внешний символ "__imp____glewGetShaderInfoLog"
shader_program.obj : error LNK2001: неразрешенный внешний символ "__imp____glewGetShaderiv"
shader_program.obj : error LNK2001: неразрешенный внешний символ "__imp____glewGetUniformLocation"
shader_program.obj : error LNK2001: неразрешенный внешний символ "__imp____glewLinkProgram"
shader_program.obj : error LNK2001: неразрешенный внешний символ "__imp____glewShaderSource"
shader_program.obj : error LNK2001: неразрешенный внешний символ "__imp____glewUniform1f"
shader_program.obj : error LNK2001: неразрешенный внешний символ "__imp____glewUniform1i"
shader_program.obj : error LNK2001: неразрешенный внешний символ "__imp____glewUniform2f"
shader_program.obj : error LNK2001: неразрешенный внешний символ "__imp____glewUniform3f"
shader_program.obj : error LNK2001: неразрешенный внешний символ "__imp____glewUniform4f"
shader_program.obj : error LNK2001: неразрешенный внешний символ "__imp____glewUniformMatrix4fv"
shader_program.obj : error LNK2001: неразрешенный внешний символ "__imp____glewUseProgram"
resource_manager.obj : error LNK2019: ссылка на неразрешенный внешний символ "public: __thiscall btBoxShape::btBoxShape(class btVector3 const &)" (??0btBoxShape@@QAE@ABVbtVector3@@@Z) в функции "private: void __thiscall kr::ResourceManager::init_physics_objects(void)" (?init_physics_objects@ResourceManager@kr@@AAEXXZ)
screen_buffer_object.obj : error LNK2001: неразрешенный внешний символ "__imp____glewBindRenderbuffer"
screen_buffer_object.obj : error LNK2001: неразрешенный внешний символ "__imp____glewCheckFramebufferStatus"
screen_buffer_object.obj : error LNK2001: неразрешенный внешний символ "__imp____glewDeleteFramebuffers"
screen_buffer_object.obj : error LNK2001: неразрешенный внешний символ "__imp____glewFramebufferRenderbuffer"
screen_buffer_object.obj : error LNK2001: неразрешенный внешний символ "__imp____glewGenRenderbuffers"
screen_buffer_object.obj : error LNK2001: неразрешенный внешний символ "__imp____glewRenderbufferStorage"
textures_operations.obj : error LNK2019: ссылка на неразрешенный внешний символ __imp__FreeImage_Unload@4 в функции "unsigned int __cdecl kr::prepare_texture(char const *)" (?prepare_texture@kr@@YAIPBD@Z)
textures_operations.obj : error LNK2019: ссылка на неразрешенный внешний символ __imp__FreeImage_Load@12 в функции "unsigned int __cdecl kr::prepare_texture(char const *)" (?prepare_texture@kr@@YAIPBD@Z)
textures_operations.obj : error LNK2019: ссылка на неразрешенный внешний символ __imp__FreeImage_GetFileType@8 в функции "unsigned int __cdecl kr::prepare_texture(char const *)" (?prepare_texture@kr@@YAIPBD@Z)
textures_operations.obj : error LNK2019: ссылка на неразрешенный внешний символ __imp__FreeImage_GetBits@4 в функции "unsigned int __cdecl kr::prepare_texture(char const *)" (?prepare_texture@kr@@YAIPBD@Z)
textures_operations.obj : error LNK2019: ссылка на неразрешенный внешний символ __imp__FreeImage_GetWidth@4 в функции "unsigned int __cdecl kr::prepare_texture(char const *)" (?prepare_texture@kr@@YAIPBD@Z)
textures_operations.obj : error LNK2019: ссылка на неразрешенный внешний символ __imp__FreeImage_GetHeight@4 в функции "unsigned int __cdecl kr::prepare_texture(char const *)" (?prepare_texture@kr@@YAIPBD@Z)
textures_operations.obj : error LNK2019: ссылка на неразрешенный внешний символ __imp__FreeImage_ConvertTo32Bits@4 в функции "unsigned int __cdecl kr::prepare_texture(char const *)" (?prepare_texture@kr@@YAIPBD@Z)
textures_operations.obj : error LNK2001: неразрешенный внешний символ "__imp____glewGenerateMipmap"
D:\Visual_Studio_2015_Projects\Projects\Render\Render\\ext\glew\lib\Release\x64\glew32.lib : warning LNK4272: тип компьютера библиотеки "x64" конфликтует с типом целевого компьютера "X86"
D:\Visual_Studio_2015_Projects\Projects\Render\Render\\ext\glew\lib\Release\x64\glew32s.lib : warning LNK4272: тип компьютера библиотеки "x64" конфликтует с типом целевого компьютера "X86"
D:\Visual_Studio_2015_Projects\Projects\Render\Render\\ext\freeimage\lib\x64\FreeImage.lib : warning LNK4272: тип компьютера библиотеки "x64" конфликтует с типом целевого компьютера "X86"
D:\Visual_Studio_2015_Projects\Projects\Render\Render\\ext\glfw\lib\glfw3dll.lib : warning LNK4272: тип компьютера библиотеки "x64" конфликтует с типом целевого компьютера "X86"
D:\Visual_Studio_2015_Projects\Projects\Render\Render\\ext\bullet\lib\Bullet2FileLoader_Debug.lib : warning LNK4272: тип компьютера библиотеки "x64" конфликтует с типом целевого компьютера "X86"
D:\Visual_Studio_2015_Projects\Projects\Render\Render\\ext\bullet\lib\Bullet3Collision_Debug.lib : warning LNK4272: тип компьютера библиотеки "x64" конфликтует с типом целевого компьютера "X86"
D:\Visual_Studio_2015_Projects\Projects\Render\Render\\ext\bullet\lib\Bullet3Common_Debug.lib : warning LNK4272: тип компьютера библиотеки "x64" конфликтует с типом целевого компьютера "X86"
D:\Visual_Studio_2015_Projects\Projects\Render\Render\\ext\bullet\lib\Bullet3Dynamics_Debug.lib : warning LNK4272: тип компьютера библиотеки "x64" конфликтует с типом целевого компьютера "X86"
D:\Visual_Studio_2015_Projects\Projects\Render\Render\\ext\bullet\lib\Bullet3Geometry_Debug.lib : warning LNK4272: тип компьютера библиотеки "x64" конфликтует с типом целевого компьютера "X86"
D:\Visual_Studio_2015_Projects\Projects\Render\Render\\ext\bullet\lib\Bullet3OpenCL_clew_Debug.lib : warning LNK4272: тип компьютера библиотеки "x64" конфликтует с типом целевого компьютера "X86"
D:\Visual_Studio_2015_Projects\Projects\Render\Render\\ext\bullet\lib\BulletCollision_Debug.lib : warning LNK4272: тип компьютера библиотеки "x64" конфликтует с типом целевого компьютера "X86"
D:\Visual_Studio_2015_Projects\Projects\Render\Render\\ext\bullet\lib\BulletDynamics_Debug.lib : warning LNK4272: тип компьютера библиотеки "x64" конфликтует с типом целевого компьютера "X86"
D:\Visual_Studio_2015_Projects\Projects\Render\Render\\ext\bullet\lib\BulletExampleBrowserLib_Debug.lib : warning LNK4272: тип компьютера библиотеки "x64" конфликтует с типом целевого компьютера "X86"
D:\Visual_Studio_2015_Projects\Projects\Render\Render\\ext\bullet\lib\BulletFileLoader_Debug.lib : warning LNK4272: тип компьютера библиотеки "x64" конфликтует с типом целевого компьютера "X86"
D:\Visual_Studio_2015_Projects\Projects\Render\Render\\ext\bullet\lib\BulletInverseDynamics_Debug.lib : warning LNK4272: тип компьютера библиотеки "x64" конфликтует с типом целевого компьютера "X86"
D:\Visual_Studio_2015_Projects\Projects\Render\Render\\ext\bullet\lib\BulletInverseDynamicsUtils_Debug.lib : warning LNK4272: тип компьютера библиотеки "x64" конфликтует с типом целевого компьютера "X86"
D:\Visual_Studio_2015_Projects\Projects\Render\Render\\ext\bullet\lib\BulletSoftBody_Debug.lib : warning LNK4272: тип компьютера библиотеки "x64" конфликтует с типом целевого компьютера "X86"
D:\Visual_Studio_2015_Projects\Projects\Render\Render\\ext\bullet\lib\BulletWorldImporter_Debug.lib : warning LNK4272: тип компьютера библиотеки "x64" конфликтует с типом целевого компьютера "X86"
D:\Visual_Studio_2015_Projects\Projects\Render\Render\\ext\bullet\lib\BulletXmlWorldImporter_Debug.lib : warning LNK4272: тип компьютера библиотеки "x64" конфликтует с типом целевого компьютера "X86"
D:\Visual_Studio_2015_Projects\Projects\Render\Render\\ext\bullet\lib\BussIK_Debug.lib : warning LNK4272: тип компьютера библиотеки "x64" конфликтует с типом целевого компьютера "X86"
D:\Visual_Studio_2015_Projects\Projects\Render\Render\\ext\bullet\lib\ConvexDecomposition_Debug.lib : warning LNK4272: тип компьютера библиотеки "x64" конфликтует с типом целевого компьютера "X86"
D:\Visual_Studio_2015_Projects\Projects\Render\Render\\ext\bullet\lib\GIMPACTUtils_Debug.lib : warning LNK4272: тип компьютера библиотеки "x64" конфликтует с типом целевого компьютера "X86"
D:\Visual_Studio_2015_Projects\Projects\Render\Render\\ext\bullet\lib\gtest_Debug.lib : warning LNK4272: тип компьютера библиотеки "x64" конфликтует с типом целевого компьютера "X86"
D:\Visual_Studio_2015_Projects\Projects\Render\Render\\ext\bullet\lib\gwen_Debug.lib : warning LNK4272: тип компьютера библиотеки "x64" конфликтует с типом целевого компьютера "X86"
D:\Visual_Studio_2015_Projects\Projects\Render\Render\\ext\bullet\lib\HACD_Debug.lib : warning LNK4272: тип компьютера библиотеки "x64" конфликтует с типом целевого компьютера "X86"
D:\Visual_Studio_2015_Projects\Projects\Render\Render\\ext\bullet\lib\LinearMath_Debug.lib : warning LNK4272: тип компьютера библиотеки "x64" конфликтует с типом целевого компьютера "X86"
D:\Visual_Studio_2015_Projects\Projects\Render\Render\\ext\bullet\lib\OpenGLWindow_Debug.lib : warning LNK4272: тип компьютера библиотеки "x64" конфликтует с типом целевого компьютера "X86"
D:\Visual_Studio_2015_Projects\Projects\Render\Debug\Render.exe : fatal error LNK1120: неразрешенных внешних элементов: 78
