d:\visual_studio_2015_projects\projects\render\render\x64\debug\vc140.pdb
d:\visual_studio_2015_projects\projects\render\render\x64\debug\vc140.idb
d:\visual_studio_2015_projects\projects\render\render\x64\debug\core_error.obj
d:\visual_studio_2015_projects\projects\render\render\x64\debug\depth_buffer.obj
d:\visual_studio_2015_projects\projects\render\render\x64\debug\keyboard_manager.obj
d:\visual_studio_2015_projects\projects\render\render\x64\debug\mouse_manager.obj
d:\visual_studio_2015_projects\projects\render\render\x64\debug\physics_manager.obj
d:\visual_studio_2015_projects\projects\render\render\x64\debug\physics_object.obj
d:\visual_studio_2015_projects\projects\render\render\x64\debug\object.obj
d:\visual_studio_2015_projects\projects\render\render\x64\debug\render.obj
d:\visual_studio_2015_projects\projects\render\render\x64\debug\shader_program.obj
d:\visual_studio_2015_projects\projects\render\render\x64\debug\resource_manager.obj
d:\visual_studio_2015_projects\projects\render\render\x64\debug\screen_buffer_object.obj
d:\visual_studio_2015_projects\projects\render\render\x64\debug\main.obj
d:\visual_studio_2015_projects\projects\render\render\x64\debug\cube.obj
d:\visual_studio_2015_projects\projects\render\render\x64\debug\rectangle.obj
d:\visual_studio_2015_projects\projects\render\render\x64\debug\textured_rectangle.obj
d:\visual_studio_2015_projects\projects\render\render\x64\debug\file_operations.obj
d:\visual_studio_2015_projects\projects\render\render\x64\debug\light.obj
d:\visual_studio_2015_projects\projects\render\render\x64\debug\textures_operations.obj
d:\visual_studio_2015_projects\projects\render\render\x64\debug\lamp_cube.obj
d:\visual_studio_2015_projects\projects\render\render\x64\debug\triangle.obj
d:\visual_studio_2015_projects\projects\render\render\x64\debug\camera.obj
d:\visual_studio_2015_projects\projects\render\render\x64\debug\core.obj
d:\visual_studio_2015_projects\projects\render\x64\debug\render.pdb
d:\visual_studio_2015_projects\projects\render\render\x64\debug\render.tlog\cl.command.1.tlog
d:\visual_studio_2015_projects\projects\render\render\x64\debug\render.tlog\cl.read.1.tlog
d:\visual_studio_2015_projects\projects\render\render\x64\debug\render.tlog\cl.write.1.tlog
d:\visual_studio_2015_projects\projects\render\render\x64\debug\render.tlog\link-cvtres.read.1.tlog
d:\visual_studio_2015_projects\projects\render\render\x64\debug\render.tlog\link-cvtres.write.1.tlog
d:\visual_studio_2015_projects\projects\render\render\x64\debug\render.tlog\link-rc.read.1.tlog
d:\visual_studio_2015_projects\projects\render\render\x64\debug\render.tlog\link-rc.write.1.tlog
d:\visual_studio_2015_projects\projects\render\render\x64\debug\render.tlog\link.command.1.tlog
d:\visual_studio_2015_projects\projects\render\render\x64\debug\render.tlog\link.read.1.tlog
d:\visual_studio_2015_projects\projects\render\render\x64\debug\render.tlog\link.write.1.tlog
