d:\projects\visual_studio_2015_projects\projects\render\render\x64\release\vc140.pdb
d:\projects\visual_studio_2015_projects\projects\render\render\x64\release\texture_operations.obj
d:\projects\visual_studio_2015_projects\projects\render\render\x64\release\shader.obj
d:\projects\visual_studio_2015_projects\projects\render\render\x64\release\screen_buffer_object.obj
d:\projects\visual_studio_2015_projects\projects\render\render\x64\release\resource_manager.obj
d:\projects\visual_studio_2015_projects\projects\render\render\x64\release\render.obj
d:\projects\visual_studio_2015_projects\projects\render\render\x64\release\poll_events.obj
d:\projects\visual_studio_2015_projects\projects\render\render\x64\release\physics_object.obj
d:\projects\visual_studio_2015_projects\projects\render\render\x64\release\physics_manager.obj
d:\projects\visual_studio_2015_projects\projects\render\render\x64\release\object.obj
d:\projects\visual_studio_2015_projects\projects\render\render\x64\release\model.obj
d:\projects\visual_studio_2015_projects\projects\render\render\x64\release\mesh.obj
d:\projects\visual_studio_2015_projects\projects\render\render\x64\release\main.obj
d:\projects\visual_studio_2015_projects\projects\render\render\x64\release\camera.obj
d:\projects\visual_studio_2015_projects\projects\render\render\x64\release\render.res
d:\projects\visual_studio_2015_projects\projects\render\render\x64\release\render.tlog\cl.command.1.tlog
d:\projects\visual_studio_2015_projects\projects\render\render\x64\release\render.tlog\cl.read.1.tlog
d:\projects\visual_studio_2015_projects\projects\render\render\x64\release\render.tlog\cl.write.1.tlog
d:\projects\visual_studio_2015_projects\projects\render\render\x64\release\render.tlog\link.command.1.tlog
d:\projects\visual_studio_2015_projects\projects\render\render\x64\release\render.tlog\link.read.1.tlog
d:\projects\visual_studio_2015_projects\projects\render\render\x64\release\render.tlog\link.write.1.tlog
d:\projects\visual_studio_2015_projects\projects\render\render\x64\release\render.tlog\rc.command.1.tlog
d:\projects\visual_studio_2015_projects\projects\render\render\x64\release\render.tlog\rc.read.1.tlog
d:\projects\visual_studio_2015_projects\projects\render\render\x64\release\render.tlog\rc.write.1.tlog
